c:\dev\opengl\bin\intermediates\debug\win32\vc141.pdb
c:\dev\opengl\bin\intermediates\debug\win32\vc141.idb
c:\dev\opengl\bin\intermediates\debug\win32\application.obj
c:\dev\opengl\bin\debug\win32\opengl.pdb
c:\dev\opengl\bin\intermediates\debug\win32\opengl.tlog\cl.command.1.tlog
c:\dev\opengl\bin\intermediates\debug\win32\opengl.tlog\cl.read.1.tlog
c:\dev\opengl\bin\intermediates\debug\win32\opengl.tlog\cl.write.1.tlog
c:\dev\opengl\bin\intermediates\debug\win32\opengl.tlog\link-cvtres.read.1.tlog
c:\dev\opengl\bin\intermediates\debug\win32\opengl.tlog\link-cvtres.write.1.tlog
c:\dev\opengl\bin\intermediates\debug\win32\opengl.tlog\link-rc.read.1.tlog
c:\dev\opengl\bin\intermediates\debug\win32\opengl.tlog\link-rc.write.1.tlog
c:\dev\opengl\bin\intermediates\debug\win32\opengl.tlog\link.2852-cvtres.read.1.tlog
c:\dev\opengl\bin\intermediates\debug\win32\opengl.tlog\link.2852-cvtres.write.1.tlog
c:\dev\opengl\bin\intermediates\debug\win32\opengl.tlog\link.2852-rc.read.1.tlog
c:\dev\opengl\bin\intermediates\debug\win32\opengl.tlog\link.2852-rc.write.1.tlog
c:\dev\opengl\bin\intermediates\debug\win32\opengl.tlog\link.2852.read.1.tlog
c:\dev\opengl\bin\intermediates\debug\win32\opengl.tlog\link.2852.write.1.tlog
c:\dev\opengl\bin\intermediates\debug\win32\opengl.tlog\link.command.1.tlog
c:\dev\opengl\bin\intermediates\debug\win32\opengl.tlog\link.read.1.tlog
c:\dev\opengl\bin\intermediates\debug\win32\opengl.tlog\link.write.1.tlog
